[17:56:06] [ServerMain/INFO]: Building unoptimized datafixer
[17:56:08] [ServerMain/INFO]: Environment: 
authHost='https://authserver.mojang.com', 
accountsHost='https://api.mojang.com', 
sessionHost='https://sessionserver.mojang.com', 
servicesHost='https://api.minecraftservices.com', name='PROD'
[17:56:10] [ServerMain/INFO]: Loaded 7 recipes
[17:56:11] [Server thread/INFO]: Starting minecraft server version 1.19.3
[17:56:11] [Server thread/INFO]: Loading properties
[17:56:11] [Server thread/INFO]: This server is running Paper version 
git-Paper-448 (MC: 1.19.3) (Implementing API version 
1.19.3-R0.1-SNAPSHOT) (Git: 155aa36)
[17:56:11] [Server thread/INFO]: Server Ping Player Sample Count: 12
[17:56:11] [Server thread/INFO]: Using 4 threads for Netty based IO
[17:56:11] [Server thread/INFO]: [ChunkTaskScheduler] Chunk system is 
using 1 I/O threads, 2 worker threads, and gen parallelism of 2 threads
[17:56:11] [Server thread/INFO]: Default game type: ADVENTURE
[17:56:11] [Server thread/INFO]: Generating keypair
[17:56:11] [Server thread/INFO]: Starting Minecraft server on *:25565
[17:56:12] [Server thread/INFO]: Using epoll channel type
[17:56:12] [Server thread/INFO]: Paper: Using libdeflate (Linux x86_64) 
compression from Velocity.
[17:56:12] [Server thread/INFO]: Paper: Using OpenSSL 3.0.x (Linux 
x86_64) cipher from Velocity.
[17:56:13] [Server thread/WARN]: 
[org.bukkit.craftbukkit.v1_19_R2.legacy.CraftLegacy] Initializing Legacy 
Material Support. Unless you have legacy plugins and/or data this is a bug!
[17:56:14] [Thread-8/INFO]: [Manhunt] About to download a new update: 
Manhunt 1.2
[17:56:14] [Thread-8/INFO]: [Manhunt] Downloading update: 100% of 61740 
bytes.
[17:56:14] [Thread-8/INFO]: [Manhunt] Finished updating.
[17:56:18] [Server thread/WARN]: Legacy plugin BlockHunt v0.2.1 does not 
specify an api-version.
[17:56:18] [Server thread/WARN]: Legacy plugin SimpleSit v1.7 does not 
specify an api-version.
[17:56:18] [Server thread/WARN]: Legacy plugin Censorator v1.0 does not 
specify an api-version.
[17:56:19] [Server thread/INFO]: [Vault] Loading server plugin Vault 
v1.7.3-b131
[17:56:19] [Server thread/INFO]: [WorldEdit] Loading server plugin 
WorldEdit v7.2.13+46576cc
[17:56:20] [Server thread/INFO]: Got request to register class 
com.sk89q.worldedit.bukkit.BukkitServerInterface with WorldEdit 
[com.sk89q.worldedit.extension.platform.PlatformManager@5f8f75d3]
[17:56:20] [Server thread/INFO]: [ViaVersion] Loading server plugin 
ViaVersion v4.6.2
[17:56:20] [Server thread/INFO]: [ViaVersion] ViaVersion 4.6.2 is now 
loaded. Registering protocol transformers and injecting...
[17:56:20] [Via-Mappingloader-0/INFO]: [ViaVersion] Loading block 
connection mappings ...
[17:56:20] [Server thread/INFO]: [Multiverse-Core] Loading server plugin 
Multiverse-Core v4.3.1-b861
[17:56:20] [Server thread/INFO]: [WorldGuard] Loading server plugin 
WorldGuard v7.0.7+216b061
[17:56:20] [Server thread/INFO]: [ProtocolLib] Loading server plugin 
ProtocolLib v5.0.0-SNAPSHOT-b616
[17:56:20] [Via-Mappingloader-0/INFO]: [ViaVersion] Using FastUtil 
Long2ObjectOpenHashMap for block connections
[17:56:21] [Server thread/INFO]: [Multiverse-Portals] Loading server 
plugin Multiverse-Portals v4.2.1-b834
[17:56:21] [Server thread/INFO]: [SimpleClans] Loading server plugin 
SimpleClans v2.16.2-51f82ba
[17:56:21] [Server thread/INFO]: [Essentials] Loading server plugin 
Essentials v2.19.7
[17:56:21] [Server thread/INFO]: [LibsDisguises] Loading server plugin 
LibsDisguises v10.0.32
[17:56:22] [Server thread/INFO]: [Citizens] Loading server plugin 
Citizens v2.0.24-SNAPSHOT (build 1605)
[17:56:22] [Server thread/INFO]: [Parties] Loading server plugin Parties 
v3.2.9
[17:56:22] [Server thread/INFO]: [Parties] Loading libraries of Parties 
v3.2.9, this may take a while
[17:56:22] [Server thread/INFO]: [Parties] Verifying checksum for 
jar-relocator
[17:56:22] [Server thread/INFO]: [Parties] Verifying checksum for asm
[17:56:22] [Server thread/INFO]: [Parties] Verifying checksum for 
asm-commons
[17:56:22] [Server thread/INFO]: [Parties] Verifying checksum for gson
[17:56:22] [Server thread/INFO]: [Parties] Verifying checksum for jdbi3-core
[17:56:22] [Server thread/INFO]: [Parties] Verifying checksum for geantyref
[17:56:22] [Server thread/INFO]: [Parties] Verifying checksum for caffeine
[17:56:22] [Server thread/INFO]: [Parties] Verifying checksum for 
jdbi3-stringtemplate4
[17:56:22] [Server thread/INFO]: [Parties] Verifying checksum for ST4
[17:56:22] [Server thread/INFO]: [Parties] Verifying checksum for 
antlr-runtime
[17:56:22] [Server thread/INFO]: [Parties] Verifying checksum for 
jdbi3-sqlobject
[17:56:22] [Server thread/INFO]: [Parties] Verifying checksum for slf4j-api
[17:56:22] [Server thread/INFO]: [Parties] Verifying checksum for 
slf4j-simple
[17:56:22] [Server thread/INFO]: [Parties] Verifying checksum for HikariCP
[17:56:22] [Server thread/INFO]: [Parties] Verifying checksum for 
mariadb-java-client
[17:56:22] [Server thread/INFO]: [Parties] Verifying checksum for 
mysql-connector-j
[17:56:22] [Server thread/INFO]: [Parties] Verifying checksum for postgresql
[17:56:22] [Server thread/INFO]: [Parties] Verifying checksum for h2
[17:56:22] [Server thread/INFO]: [Parties] Verifying checksum for exp4j
[17:56:22] [Server thread/INFO]: [AntiCheatReloaded] Loading server 
plugin AntiCheatReloaded v1.10.3
[17:56:22] [Server thread/INFO]: ACR > Pool size is 2 threads
[17:56:22] [Server thread/INFO]: [ServersNPC] Loading server plugin 
ServersNPC v4.0
[17:56:22] [Server thread/INFO]: [TrollBoss] Loading server plugin 
TrollBoss v6.5.2
[17:56:22] [Server thread/INFO]: [DeadChest] Loading server plugin 
DeadChest v4.10.0
[17:56:22] [Server thread/INFO]: [DeadChest] Worldguard support disabled 
by user
[17:56:22] [Server thread/INFO]: [Manhunt] Loading server plugin Manhunt 
v1.2
[17:56:22] [Server thread/INFO]: [Multiverse-NetherPortals] Loading 
server plugin Multiverse-NetherPortals v4.2.2-b807
[17:56:22] [Server thread/INFO]: [FPC] Loading server plugin FPC v1.6.2
[17:56:22] [Server thread/INFO]: [MiniBlocks] Loading server plugin 
MiniBlocks v3.2.0
[17:56:22] [Server thread/INFO]: [MyCommand] Loading server plugin 
MyCommand v5.7.3
[17:56:22] [Server thread/INFO]: [GriefPrevention] Loading server plugin 
GriefPrevention v16.18
[17:56:22] [Server thread/INFO]: [PvPManager] Loading server plugin 
PvPManager v3.12
[17:56:22] [Server thread/INFO]: [KbstickForOP] Loading server plugin 
KbstickForOP v1
[17:56:22] [Server thread/INFO]: [TabList] Loading server plugin TabList 
v5.6.8
[17:56:22] [Server thread/INFO]: [BlockHunt] Loading server plugin 
BlockHunt v0.2.1
[17:56:22] [Server thread/INFO]: [FortuneEconomy] Loading server plugin 
FortuneEconomy v1.0.1
[17:56:22] [Server thread/INFO]: [SimpleSit] Loading server plugin 
SimpleSit v1.7
[17:56:22] [Server thread/INFO]: [PowerRanks] Loading server plugin 
PowerRanks v1.10.5R2
[17:56:22] [Server thread/INFO]: [CoreProtect] Loading server plugin 
CoreProtect v21.3
[17:56:22] [Server thread/INFO]: [Censorator] Loading server plugin 
Censorator v1.0
[17:56:22] [Server thread/INFO]: [Shopkeepers] Loading server plugin 
Shopkeepers v2.16.2
[17:56:22] [Server thread/INFO]: [Shopkeepers] Loaded all plugin classes 
(452 ms).
[17:56:22] [Server thread/WARN]: [Shopkeepers] Incompatible server 
version: v1_19_R2 (mappings: 1afe2ffe8a9d7fc510442a168b3d4338)
[17:56:22] [Server thread/WARN]: [Shopkeepers] Shopkeepers is trying to 
run in 'compatibility mode'.
[17:56:22] [Server thread/INFO]: [Shopkeepers] Check for updates at: 
https://dev.bukkit.org/projects/shopkeepers/
[17:56:22] [Server thread/INFO]: [Shopkeepers] Loading config.
[17:56:22] [Server thread/INFO]: [Shopkeepers] Loading language file: 
language-en-default.yml
[17:56:22] [Server thread/INFO]: [Shopkeepers] Registering WorldGuard 
flag 'allow-shop'.
[17:56:22] [Server thread/INFO]: [Shopkeepers] Registering defaults.
[17:56:22] [Server thread/INFO]: [OpenInv] Loading server plugin OpenInv 
v4.2.2
[17:56:22] [Server thread/INFO]: [HolographicDisplays] Loading server 
plugin HolographicDisplays v3.0.0
[17:56:22] [Server thread/INFO]: [CustomBansPlus] Loading server plugin 
CustomBansPlus v3.3.20
[17:56:22] [Server thread/INFO]: [BedWars] Loading server plugin BedWars 
v0.2.27.1
[17:56:22] [Server thread/INFO]: Server permissions file permissions.yml 
is empty, ignoring it
[17:56:22] [Server thread/INFO]: [Vault] Enabling Vault v1.7.3-b131
[17:56:23] [Server thread/INFO]: [Vault] [Economy] Essentials Economy 
found: Waiting
[17:56:23] [Server thread/INFO]: [Vault] [Permission] SuperPermissions 
loaded as backup permission system.
[17:56:23] [Server thread/INFO]: [Vault] Enabled Version 1.7.3-b131
[17:56:23] [Server thread/INFO]: [WorldEdit] Enabling WorldEdit 
v7.2.13+46576cc
[17:56:23] [Server thread/INFO]: Registering commands with 
com.sk89q.worldedit.bukkit.BukkitServerInterface
[17:56:23] [Server thread/INFO]: WEPIF: Vault detected! Using Vault for 
permissions
[17:56:23] [Server thread/INFO]: Using 
com.sk89q.worldedit.bukkit.adapter.impl.v1_19_R2.PaperweightAdapter as 
the Bukkit adapter
[17:56:24] [Server thread/INFO]: [ProtocolLib] Enabling ProtocolLib 
v5.0.0-SNAPSHOT-b616
[17:56:24] [Server thread/INFO]: [PowerRanks] Enabling PowerRanks v1.10.5R2
[17:56:24] [Server thread/INFO]: [PowerRanks]
[17:56:24] [Server thread/INFO]: [PowerRanks] === ------- LOADING 
CONFIGURATION ------ ===
[17:56:24] [Server thread/INFO]: [PowerRanks] Loading config file
[17:56:24] [Server thread/INFO]: [PowerRanks] Loading language file
[17:56:24] [Server thread/INFO]: [PowerRanks] Loading usertags file
[17:56:24] [Server thread/INFO]: [PowerRanks]
[17:56:24] [Server thread/INFO]: [PowerRanks] === ---------- LOADING 
ADDONS ---------- ===
[17:56:24] [Server thread/INFO]: [PowerRanks] Loaded 0 add-on(s)!
[17:56:24] [Server thread/INFO]: [PowerRanks]
[17:56:24] [Server thread/INFO]: [PowerRanks] === ----------- LOADING 
DATA ----------- ===
[17:56:24] [Server thread/INFO]: [PowerRanks] Loading player & rank data
[17:56:24] [Server thread/INFO]: [PowerRanks]
[17:56:24] [Server thread/INFO]: [PowerRanks] === ------- LOADING PLUGIN 
HOOKS ------- ===
[17:56:24] [Server thread/INFO]: [PowerRanks] Checking for plugins to 
hook in to:
[17:56:24] [Server thread/INFO]: [PowerRanks] Vault found!
[17:56:24] [Server thread/INFO]: [PowerRanks] Enabling Vault Economy 
integration.
[17:56:24] [Server thread/INFO]: [PowerRanks] Enabling Vault Permission 
integration.
[17:56:24] [Server thread/INFO]: [PowerRanks] Vault compatible economy 
plugin found! (EssentialsX Economy)
[17:56:25] [Server thread/INFO]: [PowerRanks]
[17:56:25] [Server thread/INFO]: [PowerRanks] §b  ██████  ██████ §a  
PowerRanks v1.10.5R2
[17:56:25] [Server thread/INFO]: [PowerRanks] §b  ██   ██ ██ ██§a  
Running on Paper v1.19.3
[17:56:25] [Server thread/INFO]: [PowerRanks] §b  ██████  ██████ §a  
Startup time: 627ms
[17:56:25] [Server thread/INFO]: [PowerRanks] §b  ██      ██ ██§a  
Loaded 10 ranks and 7 players (YAML)
[17:56:25] [Server thread/INFO]: [PowerRanks] §b  ██      ██ ██§c
[17:56:25] [Server thread/INFO]: [PowerRanks]
[17:56:25] [Server thread/INFO]: [PowerRanks] If you'd like to donate, 
please visit https://ko-fi.com/svenar or https://patreon.com/svenar
[17:56:25] [Server thread/INFO]: [PowerRanks] Checking for updates...
[17:56:25] [Server thread/INFO]: Preparing level "world"
[17:56:25] [Server thread/INFO]: Preparing start region for dimension 
minecraft:overworld
[17:56:26] [Server thread/INFO]: Time elapsed: 298 ms
[17:56:26] [Server thread/INFO]: [ViaVersion] Enabling ViaVersion v4.6.2
[17:56:26] [Server thread/INFO]: [ViaVersion] ViaVersion detected server 
version: 1.19.3 (761)
[17:56:26] [Server thread/INFO]: [Multiverse-Core] Enabling 
Multiverse-Core v4.3.1-b861
[17:56:26] [Server thread/WARN]: [Multiverse-Core] "Multiverse-Core 
v4.3.1-b861" has registered a listener for 
org.bukkit.event.entity.EntityCreatePortalEvent on method "public void 
com.onarandombox.MultiverseCore.listeners.MVPortalListener.entityPortalCreate(org.bukkit.event.entity.EntityCreatePortalEvent)", 
but the event is Deprecated. "Server performance will be affected"; 
please notify the authors [dumptruckman, Rigby, fernferret, lithium3141, 
main--].
[17:56:26] [Server thread/INFO]: [Multiverse-Core] §aWe are aware of the 
warning about the deprecated event. There is no alternative that allows 
us to do what we need to do and performance impact is negligible. It is 
safe to ignore.
[17:56:26] [Server thread/INFO]: Preparing start region for dimension 
minecraft:bedwars2
[17:56:26] [Server thread/INFO]: Time elapsed: 126 ms
[17:56:26] [Server thread/INFO]: Preparing start region for dimension 
minecraft:dropper
[17:56:26] [Server thread/INFO]: Time elapsed: 53 ms
[17:56:27] [Server thread/INFO]: Preparing start region for dimension 
minecraft:arene
[17:56:27] [Server thread/INFO]: Time elapsed: 47 ms
[17:56:27] [Server thread/INFO]: Preparing start region for dimension 
minecraft:chateau
[17:56:27] [Server thread/INFO]: Time elapsed: 152 ms
[17:56:27] [Server thread/INFO]: Preparing start region for dimension 
minecraft:the_nether
[17:56:27] [Server thread/INFO]: Time elapsed: 137 ms
[17:56:28] [Server thread/INFO]: Preparing start region for dimension 
minecraft:world_1/world
[17:56:28] [Server thread/INFO]: Time elapsed: 86 ms
[17:56:28] [Server thread/INFO]: Preparing start region for dimension 
minecraft:smp/world
[17:56:28] [Server thread/INFO]: Time elapsed: 52 ms
[17:56:29] [Server thread/INFO]: Preparing start region for dimension 
minecraft:survival-e
[17:56:29] [Server thread/INFO]: Time elapsed: 60 ms
[17:56:29] [Server thread/INFO]: Preparing start region for dimension 
minecraft:minage
[17:56:29] [Server thread/INFO]: Time elapsed: 62 ms
[17:56:29] [Server thread/INFO]: Preparing start region for dimension 
minecraft:survival-n
[17:56:29] [Server thread/INFO]: Time elapsed: 83 ms
[17:56:29] [Server thread/INFO]: Preparing start region for dimension 
minecraft:s_w_p
[17:56:29] [Server thread/INFO]: Time elapsed: 47 ms
[17:56:30] [Server thread/INFO]: Preparing start region for dimension 
minecraft:prison
[17:56:30] [Server thread/INFO]: Time elapsed: 120 ms
[17:56:30] [Server thread/INFO]: Preparing start region for dimension 
minecraft:mj
[17:56:30] [Server thread/INFO]: Time elapsed: 110 ms
[17:56:30] [Server thread/INFO]: Preparing start region for dimension 
minecraft:jump
[17:56:30] [Server thread/INFO]: Time elapsed: 26 ms
[17:56:30] [Server thread/INFO]: Preparing start region for dimension 
minecraft:iles
[17:56:30] [Server thread/INFO]: Time elapsed: 45 ms
[17:56:30] [Server thread/INFO]: Preparing start region for dimension 
minecraft:gvp
[17:56:30] [Server thread/INFO]: Time elapsed: 45 ms
[17:56:31] [Server thread/INFO]: Preparing start region for dimension 
minecraft:survie
[17:56:31] [Server thread/INFO]: Time elapsed: 94 ms
[17:56:31] [Server thread/INFO]: Preparing start region for dimension 
minecraft:ville
[17:56:31] [Server thread/INFO]: Time elapsed: 62 ms
[17:56:31] [Server thread/INFO]: Preparing start region for dimension 
minecraft:center
[17:56:31] [Server thread/INFO]: Time elapsed: 22 ms
[17:56:31] [Server thread/INFO]: Preparing start region for dimension 
minecraft:private_wold
[17:56:31] [Server thread/INFO]: Time elapsed: 33 ms
[17:56:32] [Server thread/INFO]: Preparing start region for dimension 
minecraft:survival
[17:56:32] [Server thread/INFO]: Time elapsed: 71 ms
[17:56:32] [Server thread/INFO]: Preparing start region for dimension 
minecraft:jail
[17:56:32] [Server thread/INFO]: Time elapsed: 17 ms
[17:56:32] [Server thread/INFO]: Preparing start region for dimension 
minecraft:the_end
[17:56:32] [Server thread/INFO]: Time elapsed: 23 ms
[17:56:33] [Server thread/INFO]: Preparing start region for dimension 
minecraft:spr
[17:56:33] [Server thread/INFO]: Time elapsed: 89 ms
[17:56:33] [Server thread/INFO]: [Multiverse-Core] 25 - World(s) loaded.
[17:56:33] [Server thread/INFO]: [Multiverse-Core] Version 4.3.1-b861 
(API v24) Enabled - By dumptruckman, Rigby, fernferret, lithium3141 and 
main--
[17:56:33] [Server thread/INFO]: [WorldGuard] Enabling WorldGuard 
v7.0.7+216b061
[17:56:33] [Server thread/WARN]: [WorldGuard] Found option with no 
heading blacklist.txt for 'block blocks'
[17:56:33] [Server thread/INFO]: [WorldGuard] (world) Blacklist loaded 
with 2 entries.
[17:56:33] [Server thread/INFO]: [WorldGuard] (world) TNT ignition is 
PERMITTED.
[17:56:33] [Server thread/INFO]: [WorldGuard] (world) Lighters are 
PERMITTED.
[17:56:33] [Server thread/INFO]: [WorldGuard] (world) Lava fire is 
PERMITTED.
[17:56:33] [Server thread/INFO]: [WorldGuard] (world) Fire spread is 
UNRESTRICTED.
[17:56:33] [Server thread/INFO]: [WorldGuard] Loaded configuration for 
world 'world'
[17:56:33] [Server thread/INFO]: [WorldGuard] (bedwars2) TNT ignition is 
PERMITTED.
[17:56:33] [Server thread/INFO]: [WorldGuard] (bedwars2) Lighters are 
PERMITTED.
[17:56:33] [Server thread/INFO]: [WorldGuard] (bedwars2) Lava fire is 
PERMITTED.
[17:56:33] [Server thread/INFO]: [WorldGuard] (bedwars2) Fire spread is 
UNRESTRICTED.
[17:56:33] [Server thread/INFO]: [WorldGuard] Loaded configuration for 
world 'bedwars2'
[17:56:33] [Server thread/INFO]: [WorldGuard] (dropper) TNT ignition is 
PERMITTED.
[17:56:33] [Server thread/INFO]: [WorldGuard] (dropper) Lighters are 
PERMITTED.
[17:56:33] [Server thread/INFO]: [WorldGuard] (dropper) Lava fire is 
PERMITTED.
[17:56:33] [Server thread/INFO]: [WorldGuard] (dropper) Fire spread is 
UNRESTRICTED.
[17:56:33] [Server thread/INFO]: [WorldGuard] Loaded configuration for 
world 'dropper'
[17:56:33] [Server thread/WARN]: [WorldGuard] Found option with no 
heading blacklist.txt for 'Deny'
[17:56:33] [Server thread/INFO]: [WorldGuard] (arene) Blacklist loaded 
with 2 entries.
[17:56:33] [Server thread/INFO]: [WorldGuard] (arene) TNT ignition is 
PERMITTED.
[17:56:33] [Server thread/INFO]: [WorldGuard] (arene) Lighters are 
PERMITTED.
[17:56:33] [Server thread/INFO]: [WorldGuard] (arene) Lava fire is 
PERMITTED.
[17:56:33] [Server thread/INFO]: [WorldGuard] (arene) Fire spread is 
UNRESTRICTED.
[17:56:33] [Server thread/INFO]: [WorldGuard] Loaded configuration for 
world 'arene'
[17:56:33] [Server thread/INFO]: [WorldGuard] (chateau) TNT ignition is 
PERMITTED.
[17:56:33] [Server thread/INFO]: [WorldGuard] (chateau) Lighters are 
PERMITTED.
[17:56:33] [Server thread/INFO]: [WorldGuard] (chateau) Lava fire is 
PERMITTED.
[17:56:33] [Server thread/INFO]: [WorldGuard] (chateau) Fire spread is 
UNRESTRICTED.
[17:56:33] [Server thread/INFO]: [WorldGuard] Loaded configuration for 
world 'chateau'
[17:56:33] [Server thread/INFO]: [WorldGuard] (world_nether) TNT 
ignition is PERMITTED.
[17:56:33] [Server thread/INFO]: [WorldGuard] (world_nether) Lighters 
are PERMITTED.
[17:56:33] [Server thread/INFO]: [WorldGuard] (world_nether) Lava fire 
is PERMITTED.
[17:56:33] [Server thread/INFO]: [WorldGuard] (world_nether) Fire spread 
is UNRESTRICTED.
[17:56:33] [Server thread/INFO]: [WorldGuard] Loaded configuration for 
world 'world_nether'
[17:56:33] [Server thread/INFO]: [WorldGuard] (World_1/world) Blacklist 
loaded with 1 entries.
[17:56:33] [Server thread/INFO]: [WorldGuard] (World_1/world) TNT 
ignition is PERMITTED.
[17:56:33] [Server thread/INFO]: [WorldGuard] (World_1/world) Lighters 
are PERMITTED.
[17:56:33] [Server thread/INFO]: [WorldGuard] (World_1/world) Lava fire 
is PERMITTED.
[17:56:33] [Server thread/INFO]: [WorldGuard] (World_1/world) Fire 
spread is UNRESTRICTED.
[17:56:33] [Server thread/INFO]: [WorldGuard] Loaded configuration for 
world 'World_1/world'
[17:56:33] [Server thread/INFO]: [WorldGuard] (smp/world) TNT ignition 
is PERMITTED.
[17:56:33] [Server thread/INFO]: [WorldGuard] (smp/world) Lighters are 
PERMITTED.
[17:56:33] [Server thread/INFO]: [WorldGuard] (smp/world) Lava fire is 
PERMITTED.
[17:56:33] [Server thread/INFO]: [WorldGuard] (smp/world) Fire spread is 
UNRESTRICTED.
[17:56:33] [Server thread/INFO]: [WorldGuard] Loaded configuration for 
world 'smp/world'
[17:56:33] [Server thread/INFO]: [WorldGuard] (survival-e) TNT ignition 
is PERMITTED.
[17:56:33] [Server thread/INFO]: [WorldGuard] (survival-e) Lighters are 
PERMITTED.
[17:56:33] [Server thread/INFO]: [WorldGuard] (survival-e) Lava fire is 
PERMITTED.
[17:56:33] [Server thread/INFO]: [WorldGuard] (survival-e) Fire spread 
is UNRESTRICTED.
[17:56:33] [Server thread/INFO]: [WorldGuard] Loaded configuration for 
world 'survival-e'
[17:56:33] [Server thread/INFO]: [WorldGuard] (minage) TNT ignition is 
PERMITTED.
[17:56:33] [Server thread/INFO]: [WorldGuard] (minage) Lighters are 
PERMITTED.
[17:56:33] [Server thread/INFO]: [WorldGuard] (minage) Lava fire is 
PERMITTED.
[17:56:33] [Server thread/INFO]: [WorldGuard] (minage) Fire spread is 
UNRESTRICTED.
[17:56:33] [Server thread/INFO]: [WorldGuard] Loaded configuration for 
world 'minage'
[17:56:33] [Server thread/INFO]: [WorldGuard] (survival-n) TNT ignition 
is PERMITTED.
[17:56:33] [Server thread/INFO]: [WorldGuard] (survival-n) Lighters are 
PERMITTED.
[17:56:33] [Server thread/INFO]: [WorldGuard] (survival-n) Lava fire is 
PERMITTED.
[17:56:33] [Server thread/INFO]: [WorldGuard] (survival-n) Fire spread 
is UNRESTRICTED.
[17:56:33] [Server thread/INFO]: [WorldGuard] Loaded configuration for 
world 'survival-n'
[17:56:33] [Server thread/INFO]: [WorldGuard] (s_w_p) TNT ignition is 
PERMITTED.
[17:56:33] [Server thread/INFO]: [WorldGuard] (s_w_p) Lighters are 
PERMITTED.
[17:56:33] [Server thread/INFO]: [WorldGuard] (s_w_p) Lava fire is 
PERMITTED.
[17:56:33] [Server thread/INFO]: [WorldGuard] (s_w_p) Fire spread is 
UNRESTRICTED.
[17:56:33] [Server thread/INFO]: [WorldGuard] Loaded configuration for 
world 's_w_p'
[17:56:33] [Server thread/INFO]: [WorldGuard] (prison) TNT ignition is 
PERMITTED.
[17:56:33] [Server thread/INFO]: [WorldGuard] (prison) Lighters are 
PERMITTED.
[17:56:33] [Server thread/INFO]: [WorldGuard] (prison) Lava fire is 
PERMITTED.
[17:56:33] [Server thread/INFO]: [WorldGuard] (prison) Fire spread is 
UNRESTRICTED.
[17:56:33] [Server thread/INFO]: [WorldGuard] Loaded configuration for 
world 'prison'
[17:56:33] [Server thread/INFO]: [WorldGuard] (mj) Blacklist loaded with 
4 entries.
[17:56:33] [Server thread/INFO]: [WorldGuard] (mj) TNT ignition is 
PERMITTED.
[17:56:33] [Server thread/INFO]: [WorldGuard] (mj) Lighters are PERMITTED.
[17:56:33] [Server thread/INFO]: [WorldGuard] (mj) Lava fire is PERMITTED.
[17:56:33] [Server thread/INFO]: [WorldGuard] (mj) Fire spread is 
UNRESTRICTED.
[17:56:33] [Server thread/INFO]: [WorldGuard] Loaded configuration for 
world 'mj'
[17:56:33] [Server thread/INFO]: [WorldGuard] (jump) TNT ignition is 
PERMITTED.
[17:56:33] [Server thread/INFO]: [WorldGuard] (jump) Lighters are PERMITTED.
[17:56:33] [Server thread/INFO]: [WorldGuard] (jump) Lava fire is PERMITTED.
[17:56:33] [Server thread/INFO]: [WorldGuard] (jump) Fire spread is 
UNRESTRICTED.
[17:56:33] [Server thread/INFO]: [WorldGuard] Loaded configuration for 
world 'jump'
[17:56:33] [Server thread/INFO]: [WorldGuard] (iles) TNT ignition is 
PERMITTED.
[17:56:33] [Server thread/INFO]: [WorldGuard] (iles) Lighters are PERMITTED.
[17:56:33] [Server thread/INFO]: [WorldGuard] (iles) Lava fire is PERMITTED.
[17:56:33] [Server thread/INFO]: [WorldGuard] (iles) Fire spread is 
UNRESTRICTED.
[17:56:33] [Server thread/INFO]: [WorldGuard] Loaded configuration for 
world 'iles'
[17:56:33] [Server thread/INFO]: [WorldGuard] (gvp) TNT ignition is 
PERMITTED.
[17:56:33] [Server thread/INFO]: [WorldGuard] (gvp) Lighters are PERMITTED.
[17:56:33] [Server thread/INFO]: [WorldGuard] (gvp) Lava fire is PERMITTED.
[17:56:33] [Server thread/INFO]: [WorldGuard] (gvp) Fire spread is 
UNRESTRICTED.
[17:56:33] [Server thread/INFO]: [WorldGuard] Loaded configuration for 
world 'gvp'
[17:56:33] [Server thread/INFO]: [WorldGuard] (survie) TNT ignition is 
PERMITTED.
[17:56:33] [Server thread/INFO]: [WorldGuard] (survie) Lighters are 
PERMITTED.
[17:56:33] [Server thread/INFO]: [WorldGuard] (survie) Lava fire is 
PERMITTED.
[17:56:33] [Server thread/INFO]: [WorldGuard] (survie) Fire spread is 
UNRESTRICTED.
[17:56:33] [Server thread/INFO]: [WorldGuard] Loaded configuration for 
world 'survie'
[17:56:33] [Server thread/INFO]: [WorldGuard] (ville) TNT ignition is 
PERMITTED.
[17:56:33] [Server thread/INFO]: [WorldGuard] (ville) Lighters are 
PERMITTED.
[17:56:33] [Server thread/INFO]: [WorldGuard] (ville) Lava fire is 
PERMITTED.
[17:56:33] [Server thread/INFO]: [WorldGuard] (ville) Fire spread is 
UNRESTRICTED.
[17:56:33] [Server thread/INFO]: [WorldGuard] Loaded configuration for 
world 'ville'
[17:56:33] [Server thread/WARN]: [WorldGuard] Found option with no 
heading blacklist.txt for 'Deny all'
[17:56:33] [Server thread/WARN]: [WorldGuard] Could not parse a 
block/item heading: Unknown block or item name: stone_bricks_slab
[17:56:33] [Server thread/WARN]: [WorldGuard] Could not parse a 
block/item heading: Unknown block or item name: sign
[17:56:33] [Server thread/INFO]: [WorldGuard] (center) Blacklist loaded 
with 13 entries.
[17:56:33] [Server thread/INFO]: [WorldGuard] (center) TNT ignition is 
PERMITTED.
[17:56:33] [Server thread/INFO]: [WorldGuard] (center) Lighters are 
PERMITTED.
[17:56:33] [Server thread/INFO]: [WorldGuard] (center) Lava fire is 
PERMITTED.
[17:56:33] [Server thread/INFO]: [WorldGuard] (center) Fire spread is 
UNRESTRICTED.
[17:56:33] [Server thread/INFO]: [WorldGuard] Loaded configuration for 
world 'center'
[17:56:33] [Server thread/INFO]: [WorldGuard] (private_wold) TNT 
ignition is PERMITTED.
[17:56:33] [Server thread/INFO]: [WorldGuard] (private_wold) Lighters 
are PERMITTED.
[17:56:33] [Server thread/INFO]: [WorldGuard] (private_wold) Lava fire 
is PERMITTED.
[17:56:33] [Server thread/INFO]: [WorldGuard] (private_wold) Fire spread 
is UNRESTRICTED.
[17:56:33] [Server thread/INFO]: [WorldGuard] Loaded configuration for 
world 'private_wold'
[17:56:33] [Server thread/WARN]: [WorldGuard] Found option with no 
heading blacklist.txt for 'Deny break structure void'
[17:56:33] [Server thread/INFO]: [WorldGuard] (survival) Blacklist 
loaded with 1 entries.
[17:56:33] [Server thread/INFO]: [WorldGuard] (survival) TNT ignition is 
PERMITTED.
[17:56:33] [Server thread/INFO]: [WorldGuard] (survival) Lighters are 
PERMITTED.
[17:56:33] [Server thread/INFO]: [WorldGuard] (survival) Lava fire is 
PERMITTED.
[17:56:33] [Server thread/INFO]: [WorldGuard] (survival) Fire spread is 
UNRESTRICTED.
[17:56:33] [Server thread/INFO]: [WorldGuard] Loaded configuration for 
world 'survival'
[17:56:33] [Server thread/INFO]: [WorldGuard] (jail) TNT ignition is 
PERMITTED.
[17:56:33] [Server thread/INFO]: [WorldGuard] (jail) Lighters are PERMITTED.
[17:56:33] [Server thread/INFO]: [WorldGuard] (jail) Lava fire is PERMITTED.
[17:56:33] [Server thread/INFO]: [WorldGuard] (jail) Fire spread is 
UNRESTRICTED.
[17:56:33] [Server thread/INFO]: [WorldGuard] Loaded configuration for 
world 'jail'
[17:56:33] [Server thread/INFO]: [WorldGuard] (world_the_end) TNT 
ignition is PERMITTED.
[17:56:33] [Server thread/INFO]: [WorldGuard] (world_the_end) Lighters 
are PERMITTED.
[17:56:33] [Server thread/INFO]: [WorldGuard] (world_the_end) Lava fire 
is PERMITTED.
[17:56:33] [Server thread/INFO]: [WorldGuard] (world_the_end) Fire 
spread is UNRESTRICTED.
[17:56:33] [Server thread/INFO]: [WorldGuard] Loaded configuration for 
world 'world_the_end'
[17:56:33] [Server thread/INFO]: [WorldGuard] (spr) TNT ignition is 
PERMITTED.
[17:56:33] [Server thread/INFO]: [WorldGuard] (spr) Lighters are PERMITTED.
[17:56:33] [Server thread/INFO]: [WorldGuard] (spr) Lava fire is PERMITTED.
[17:56:33] [Server thread/INFO]: [WorldGuard] (spr) Fire spread is 
UNRESTRICTED.
[17:56:33] [Server thread/INFO]: [WorldGuard] Loaded configuration for 
world 'spr'
[17:56:33] [Server thread/INFO]: [WorldGuard] Loading region data...
[17:56:34] [Server thread/INFO]: [Multiverse-Portals] Enabling 
Multiverse-Portals v4.2.1-b834
[17:56:34] [Server thread/INFO]: [Multiverse-Portals] 18 - Portals(s) loaded
[17:56:34] [Server thread/INFO]: [Multiverse-Portals] Found WorldEdit. 
Using it for selections.
[17:56:34] [Server thread/INFO]: [Multiverse-Portals 4.2.1-b834] Enabled 
- By Rigby and fernferret
[17:56:34] [Server thread/INFO]: [SimpleClans] Enabling SimpleClans 
v2.16.2-51f82ba
[17:56:34] [Server thread/INFO]: [SimpleClans] SQLite Connection successful
[17:56:34] [Server thread/INFO]: [SimpleClans] Clan players: 4
[17:56:34] [Server thread/INFO]: [SimpleClans] Registering 3 chat 
handlers...
[17:56:35] [Server thread/INFO]: [SimpleClans] [ACF] Enabled 
Asynchronous Tab Completion Support!
[17:56:35] [Server thread/INFO]: [SimpleClans] Registering 12 command 
contexts...
[17:56:35] [Server thread/INFO]: [SimpleClans] Registering 15 base 
commands...
[17:56:35] [Server thread/INFO]: [SimpleClans] Registering 30 command 
conditions...
[17:56:35] [Server thread/INFO]: [SimpleClans] Registering 18 command 
completions...
[17:56:35] [Server thread/INFO]: [SimpleClans] Multithreading: true
[17:56:35] [Server thread/INFO]: [SimpleClans] BungeeCord: false
[17:56:35] [Server thread/INFO]: [SimpleClans] HEX support: true
[17:56:35] [Server thread/INFO]: [SimpleClans] Help us translate 
SimpleClans to your language! Access 
https://crowdin.com/project/simpleclans/
[17:56:35] [Server thread/INFO]: [Essentials] Enabling Essentials v2.19.7
[17:56:35] [Server thread/ERROR]: [Essentials] You are running an 
unsupported server version!
[17:56:36] [Server thread/INFO]: [Essentials] Attempting to convert old 
kits in config.yml to new kits.yml
[17:56:36] [Server thread/INFO]: [Essentials] No kits found to migrate.
[17:56:36] [Server thread/INFO]: [Essentials] Loaded 38132 items from 
items.json.
[17:56:36] [Server thread/INFO]: [Essentials] Using locale fr_FR
[17:56:36] [Server thread/INFO]: [Essentials] ServerListPingEvent: 
Spigot iterator API
[17:56:36] [Server thread/INFO]: [Essentials] Starting Metrics. Opt-out 
using the global bStats config.
[17:56:36] [Server thread/INFO]: [Vault] [Economy] Essentials Economy 
hooked.
[17:56:36] [Server thread/INFO]: [Essentials] Using Vault based 
permissions (generic)
[17:56:36] [Server thread/INFO]: [LibsDisguises] Enabling LibsDisguises 
v10.0.32
[17:56:36] [Server thread/INFO]: [LibsDisguises] File Name: 
LibsDisguises-10.0.32-Free.jar
[17:56:36] [Server thread/INFO]: [LibsDisguises] Discovered nms version: 
v1_19_R2 (v1_19_R2)
[17:56:36] [Server thread/INFO]: [LibsDisguises] Jenkins Build: #1158
[17:56:36] [Server thread/INFO]: [LibsDisguises] Build Date: 03/02/2023 
23:08
[17:56:36] [Server thread/WARN]: [LibsDisguises] If you own the plugin, 
place the premium jar downloaded from 
https://www.spigotmc.org/resources/libs-disguises.32453/ in 
plugins/LibsDisguises/
[17:56:36] [Server thread/INFO]: [LibsDisguises] You are running the 
free version, commands limited to non-players and operators. (Console, 
Command Blocks, Admins)
[17:56:41] [Server thread/INFO]: [LibsDisguises] Loaded custom disguise 
libraryaddict
[17:56:41] [Server thread/INFO]: [LibsDisguises] Loaded 1 custom disguise
[17:56:41] [Server thread/INFO]: [LibsDisguises] Config is up to date!
[17:56:42] [Server thread/INFO]: [Citizens] Enabling Citizens 
v2.0.24-SNAPSHOT (build 1605)
[17:56:42] [Server thread/INFO]: [Citizens] Échec de la récupération du 
champ modifiers : modifiers.
[17:56:42] [Server thread/ERROR]: [Citizens] v2.0.24-SNAPSHOT (build 
1605) nest pas compatible avec Minecraft v{1}. Désactivation.
[17:56:42] [Server thread/INFO]: [Citizens] Disabling Citizens 
v2.0.24-SNAPSHOT (build 1605)
[17:56:42] [Server thread/INFO]: [Parties] Enabling Parties v3.2.9
[17:56:42] [Server thread/INFO]: [Parties] Initializing Parties v3.2.9
[17:56:43] [Server thread/INFO]: [Parties] Parties v3.2.9 enabled
[17:56:43] [Server thread/INFO]: [AntiCheatReloaded] Enabling 
AntiCheatReloaded v1.10.3
[17:56:43] [Server thread/WARN]: [AntiCheatReloaded] An event was 
initialized with an invalid string: 'Medium_warned : 60 : ORANGE : 
COMMAND[cbpwarn %player% cheating;]'
[17:56:43] [Server thread/WARN]: [AntiCheatReloaded] The proper format 
is: 'name : threshold : color : action' such as 'High : 50 : RED : KICK'
[17:56:43] [Server thread/WARN]: [AntiCheatReloaded] This event will NOT 
run. (No enum constant org.bukkit.ChatColor.ORANGE)
[17:56:43] [Server thread/WARN]: [AntiCheatReloaded] An event was 
initialized with an invalid string: 'Dangerous_two : 80 : PURPLE : 
COMMAND[custombansplus:ban %player% perm ACR> Banni pour cheating;]'
[17:56:43] [Server thread/WARN]: [AntiCheatReloaded] The proper format 
is: 'name : threshold : color : action' such as 'High : 50 : RED : KICK'
[17:56:43] [Server thread/WARN]: [AntiCheatReloaded] This event will NOT 
run. (No enum constant org.bukkit.ChatColor.PURPLE)
[17:56:43] [Server thread/INFO]: ACR > Running Minecraft version 
v1_19_R2 (NOT SUPPORTED!)
[17:56:43] [Server thread/INFO]: [ServersNPC] Enabling ServersNPC v4.0
[17:56:43] [Server thread/WARN]: 
[io.github.znetworkw.znpcservers.cache.TypeCache$BaseCache] No cache 
found for: [net.minecraft.world.entity.monster.warden.EntityWarden]
[17:56:43] [Server thread/WARN]: 
[io.github.znetworkw.znpcservers.cache.TypeCache$BaseCache] No cache 
found for: [net.minecraft.world.entity.monster.warden.EntityWarden] : []
[17:56:43] [Server thread/WARN]: 
[io.github.znetworkw.znpcservers.cache.TypeCache$BaseCache] Skipping 
cache for [net.minecraft.world.entity.monster.warden.EntityWarden]
[17:56:43] [Server thread/INFO]: [TrollBoss] Enabling TrollBoss v6.5.2
[17:56:43] [Server thread/INFO]: [TrollBoss] Plugin enabled!
[17:56:43] [Server thread/INFO]: [DeadChest] Enabling DeadChest v4.10.0
[17:56:44] [Server thread/INFO]: [Manhunt] Enabling Manhunt v1.2
[17:56:44] [Server thread/INFO]: [Manhunt] Author: trende2001
[17:56:44] [Server thread/INFO]: [Manhunt] Version: 1.2
[17:56:44] [Server thread/INFO]: [Manhunt] Plugin Link: 
https://dev.bukkit.org/projects/trends-manhunt
[17:56:44] [Server thread/INFO]: [Multiverse-NetherPortals] Enabling 
Multiverse-NetherPortals v4.2.2-b807
[17:56:44] [Server thread/INFO]: [Multiverse-NetherPortals 4.2.2-b807]  
Enabled - By Rigby and fernferret
[17:56:44] [Server thread/INFO]: [FPC] Enabling FPC v1.6.2
[17:56:44] [Server thread/INFO]: [MiniBlocks] Enabling MiniBlocks v3.2.0
[17:56:44] [Server thread/INFO]: [MyCommand] Enabling MyCommand v5.7.3
[17:56:44] [Server thread/INFO]: *-=-=-=-=-=-=-=-=-* MyCommand 
v.5.7.3*-=-=-=-=-=-=-=-=-=-*
[17:56:44] [Server thread/INFO]: | Hooked on Vault 1.7.3-b131
[17:56:44] [Server thread/INFO]: | Command file(s) found : 2
[17:56:44] [Server thread/INFO]: | Config : Ready.
[17:56:44] [Server thread/INFO]: | ProtocolLib found, features 
availables (SignMenu)
[17:56:44] [Server thread/INFO]: | 1 extra listeners activated
[17:56:44] [Server thread/INFO]: | TabSuggestion Blocker Enabled. 
BLACKLIST MODE - 1 Groups loaded
[17:56:44] [Server thread/INFO]: | PlaceholderAPI: Not Found
[17:56:44] [Server thread/INFO]: | Duplicated command found. anvil_gui 
in examples.yml
[17:56:44] [Server thread/INFO]: | Custom commands loaded : 45
[17:56:44] [Server thread/INFO]: | You're running the latest version of 
MyCommand.
[17:56:44] [Server thread/INFO]: | The scheduler is now running. First 
execution in 60 sec
[17:56:44] [Server thread/INFO]: |          by emmerrei a.k.a. 
ivanfromitaly.
[17:56:44] [Server thread/INFO]: *-=-=-=-=-=-=-=-=-=-*   Done! 
*-=-=-=-=-=-=-=-=-=-=-*
[17:56:44] [Server thread/INFO]: [GriefPrevention] Enabling 
GriefPrevention v16.18
[17:56:44] [Server thread/INFO]: [GriefPrevention] Finished loading 
configuration.
[17:56:44] [Server thread/INFO]: [GriefPrevention] 6 total claims loaded.
[17:56:45] [Server thread/INFO]: [GriefPrevention] Customizable messages 
loaded.
[17:56:45] [Server thread/INFO]: [GriefPrevention] Successfully hooked 
into WorldGuard.
[17:56:45] [Server thread/INFO]: [GriefPrevention] Finished loading data 
(File Mode).
[17:56:45] [Server thread/INFO]: [GriefPrevention] Boot finished.
[17:56:45] [Server thread/INFO]: [PvPManager] Enabling PvPManager v3.12
[17:56:45] [pool-178-thread-1/INFO]: [PvPManager] Checking for updates...
[17:56:45] [Server thread/INFO]: [PvPManager] Connected to SQLITE 
database successfully
[17:56:45] [Server thread/INFO]: [PvPManager] Players stored: 1
[17:56:45] [Server thread/INFO]: [PvPManager] WorldGuard Found! Enabling 
Support For WorldGuard Regions
[17:56:45] [Server thread/INFO]: [PvPManager] Essentials Found! Hooked 
successfully
[17:56:45] [Server thread/INFO]: [PvPManager] Vault Found! Using it for 
currency related features
[17:56:45] [Server thread/INFO]: [PvPManager] SimpleClans Found! Hooked 
successfully
[17:56:45] [Server thread/INFO]: [PvPManager] LibsDisguises Found! Using 
it to disable disguises
[17:56:45] [Server thread/WARN]: [PvPManager] GriefPrevention has been 
detected. GriefPrevention has some combat features without showing any 
feedback messages. Make sure to disable Punish Logout and set tag time 
to 0 seconds in GP config. Issues with those features often get wrongly 
blamed on PvPManager and cause conflicts due to the lack of GP feedback 
messages.
[17:56:45] [pool-178-thread-1/INFO]: [PvPManager] No update found
[17:56:46] [Server thread/INFO]: [PvPManager] PvPManager Enabled (251 ms)
[17:56:46] [Server thread/INFO]: [KbstickForOP] Enabling KbstickForOP v1
[17:56:46] [Server thread/INFO]: [TabList] Enabling TabList v5.6.8
[17:56:46] [Server thread/INFO]: [TabList] > Enabled v5.6.8 (127ms)
[17:56:46] [Server thread/INFO]: [BlockHunt] Enabling BlockHunt v0.2.1*
[17:56:46] [ForkJoinPool.commonPool-worker-2/INFO]: [TabList] -------------
[17:56:46] [ForkJoinPool.commonPool-worker-2/INFO]: [TabList] New update 
is available for TabList
[17:56:46] [ForkJoinPool.commonPool-worker-2/INFO]: [TabList] Your 
version: 5.6.8, New version 5.7.0
[17:56:46] [ForkJoinPool.commonPool-worker-2/INFO]: [TabList] Download: 
https://www.spigotmc.org/resources/46229/
[17:56:46] [ForkJoinPool.commonPool-worker-2/INFO]: [TabList]
[17:56:46] [ForkJoinPool.commonPool-worker-2/INFO]: [TabList] Always 
consider upgrading to the latest version, which may include fixes.
[17:56:46] [ForkJoinPool.commonPool-worker-2/INFO]: [TabList]
[17:56:46] [ForkJoinPool.commonPool-worker-2/INFO]: [TabList] To disable 
update checking, go to the config file
[17:56:46] [ForkJoinPool.commonPool-worker-2/INFO]: [TabList] -------------
[17:56:46] [Server thread/INFO]: [BlockHunt] Using BlockHunts token system!
[17:56:46] [Server thread/INFO]: [BlockHunt] Sending MCStats to the 
server...
[17:56:46] [Server thread/INFO]: [BlockHunt] BlockHunt + 0.2.1 is now 
Enabled. Made by Steffion.
[17:56:46] [Server thread/INFO]: [FortuneEconomy] Enabling 
FortuneEconomy v1.0.1
[17:56:46] [Server thread/INFO]: [SimpleSit] Enabling SimpleSit v1.7*
[17:56:46] [Server thread/INFO]: [CoreProtect] Enabling CoreProtect v21.3
[17:56:46] [Thread-19/WARN]: Exception in thread "Thread-19" 
java.lang.NullPointerException: Cannot invoke "String.split(String)" 
because "title" is null
[17:56:46] [Thread-19/WARN]:     at 
BlockHunt-v0.2.1.jar//nl.Steffion.BlockHunt.Updater.versionCheck(Updater.java:480)
[17:56:46] [Thread-19/WARN]:     at 
BlockHunt-v0.2.1.jar//nl.Steffion.BlockHunt.Updater.access$400(Updater.java:55)
[17:56:46] [Thread-19/WARN]:     at 
BlockHunt-v0.2.1.jar//nl.Steffion.BlockHunt.Updater$UpdateRunnable.run(Updater.java:621)
[17:56:46] [Thread-19/WARN]:     at 
java.base/java.lang.Thread.run(Thread.java:833)
[17:56:46] [Server thread/INFO]: [CoreProtect] CoreProtect has been 
successfully enabled!
[17:56:46] [Server thread/INFO]: [CoreProtect] Using SQLite for data 
storage.
[17:56:46] [Server thread/INFO]: --------------------
[17:56:46] [Server thread/INFO]: [CoreProtect] Enjoy CoreProtect? Join 
our Discord!
[17:56:46] [Server thread/INFO]: [CoreProtect] Discord: 
www.coreprotect.net/discord/
[17:56:46] [Server thread/INFO]: --------------------
[17:56:46] [Server thread/INFO]: [Censorator] Enabling Censorator v1.0*
[17:56:46] [Server thread/INFO]: ------------------------------------- 
Infos FR ----------------------------------------------
[17:56:46] [Server thread/INFO]: [Censorator] Version 1.0 a été activé
[17:56:46] [Server thread/INFO]: Ce serveur utilise git-Paper-448 (MC: 
1.19.3) sur l'ip :25565!
[17:56:46] [Server thread/INFO]: [Censorator] Chargement de la config...
[17:56:46] [Server thread/INFO]: Fin du chargement du plugin.
[17:56:46] [Server thread/INFO]: Merci de l'avoir téléchargé!
[17:56:46] [Server thread/INFO]: 
---------------------------------------------------------------------------------------------
[17:56:46] [Server thread/INFO]: ------------------------------------- 
Infos EN ----------------------------------------------
[17:56:46] [Server thread/INFO]: [Censorator] Version 1.0 loaded
[17:56:46] [Server thread/INFO]: This server's using git-Paper-448 (MC: 
1.19.3) with the IP :25565!
[17:56:46] [Server thread/INFO]: [Censorator] Loading config...
[17:56:46] [Server thread/INFO]: Plugin loading successfully finished.
[17:56:46] [Server thread/INFO]: Thanks for downloading!
[17:56:46] [Server thread/INFO]: 
---------------------------------------------------------------------------------------------
[17:56:46] [Server thread/INFO]: [Shopkeepers] Enabling Shopkeepers v2.16.2
[17:56:46] [Server thread/INFO]: [Shopkeepers] Loading the data of 6 
shopkeepers ...
[17:56:46] [Server thread/INFO]: [OpenInv] Enabling OpenInv v4.2.2
[17:56:47] [Server thread/INFO]: [HolographicDisplays] Enabling 
HolographicDisplays v3.0.0
[17:56:47] [Server thread/INFO]: [HolographicDisplays] Fatal error while 
enabling HolographicDisplays v3.0.0:

Holographic Displays only supports Spigot from 1.8 to 1.18.2.
The plugin has been disabled.

[17:56:47] [Server thread/INFO]: [CustomBansPlus] Enabling 
CustomBansPlus v3.3.20
[17:56:47] [Server thread/INFO]: [CustomBansPlus] v1_19_R2
[17:56:47] [Thread-22/INFO]: [CustomBansPlus] §e[CustomBansPlus] 
§fChecking for updates...
[17:56:47] [Server thread/INFO]: [CustomBansPlus] §aEssentials plugin found.
[17:56:47] [Server thread/INFO]: [CustomBansPlus] §fDatabase Initialized.
[17:56:47] [Server thread/INFO]: [CustomBansPlus] §f[CustomBansPlus] 
Tables Initialized.
[17:56:47] [Server thread/INFO]: [CustomBansPlus] Save Cache Initiated
[17:56:47] [Server thread/INFO]: [BedWars] Enabling BedWars v0.2.27.1
[17:56:47] [Server thread/INFO]: [BedWars] Successfully loaded messages 
for BedWars! Language: English
[17:56:47] [Server thread/INFO]: [BedWars] Loading statistics from 
YAML-File ...
[17:56:47] [Server thread/ERROR]: Error occurred while enabling BedWars 
v0.2.27.1 (Is it up to date?)
java.lang.NullPointerException: Cannot invoke 
"org.bukkit.configuration.ConfigurationSection.getKeys(boolean)" because 
the return value of 
"org.bukkit.configuration.file.FileConfiguration.getConfigurationSection(String)" 
is null
     at 
org.screamingsandals.bedwars.statistics.PlayerStatisticManager.initializeLeaderboard(PlayerStatisticManager.java:117) 
~[BedWars-0.2.27.1.jar:?]
     at 
org.screamingsandals.bedwars.statistics.PlayerStatisticManager.initialize(PlayerStatisticManager.java:72) 
~[BedWars-0.2.27.1.jar:?]
     at org.screamingsandals.bedwars.Main.onEnable(Main.java:397) 
~[BedWars-0.2.27.1.jar:?]
     at 
org.bukkit.plugin.java.JavaPlugin.setEnabled(JavaPlugin.java:279) 
~[paper-api-1.19.3-R0.1-SNAPSHOT.jar:?]
     at 
io.papermc.paper.plugin.manager.PaperPluginInstanceManager.enablePlugin(PaperPluginInstanceManager.java:192) 
~[paper-1.19.3.jar:git-Paper-448]
     at 
io.papermc.paper.plugin.manager.PaperPluginManagerImpl.enablePlugin(PaperPluginManagerImpl.java:104) 
~[paper-1.19.3.jar:git-Paper-448]
     at 
org.bukkit.plugin.SimplePluginManager.enablePlugin(SimplePluginManager.java:507) 
~[paper-api-1.19.3-R0.1-SNAPSHOT.jar:?]
     at 
org.bukkit.craftbukkit.v1_19_R2.CraftServer.enablePlugin(CraftServer.java:560) 
~[paper-1.19.3.jar:git-Paper-448]
     at 
org.bukkit.craftbukkit.v1_19_R2.CraftServer.enablePlugins(CraftServer.java:471) 
~[paper-1.19.3.jar:git-Paper-448]
     at 
net.minecraft.server.MinecraftServer.loadWorld0(MinecraftServer.java:635) 
~[paper-1.19.3.jar:git-Paper-448]
     at 
net.minecraft.server.MinecraftServer.loadLevel(MinecraftServer.java:434) 
~[paper-1.19.3.jar:git-Paper-448]
     at 
net.minecraft.server.dedicated.DedicatedServer.initServer(DedicatedServer.java:308) 
~[paper-1.19.3.jar:git-Paper-448]
     at 
net.minecraft.server.MinecraftServer.runServer(MinecraftServer.java:1101) 
~[paper-1.19.3.jar:git-Paper-448]
     at 
net.minecraft.server.MinecraftServer.lambda$spin$0(MinecraftServer.java:316) 
~[paper-1.19.3.jar:git-Paper-448]
     at java.lang.Thread.run(Thread.java:833) ~[?:?]
[17:56:47] [Server thread/INFO]: [BedWars] Disabling BedWars v0.2.27.1
[17:56:47] [Server thread/INFO]: Starting GS4 status listener
[17:56:47] [Server thread/INFO]: Thread Query Listener started
[17:56:47] [Server thread/INFO]: Running delayed init tasks
[17:56:47] [Query Listener #1/INFO]: Query running on 0.0.0.0:25565
[17:56:47] [Server thread/INFO]: [SimpleClans] Registered 
WorldGuardProvider successfully
[17:56:47] [Craft Scheduler Thread - 5 - ViaVersion/INFO]: [ViaVersion] 
Finished mapping loading, shutting down loader executor!
[17:56:47] [Server thread/WARN]: [SimpleClans] Error registering 
provider WorldGuard6Provider
[17:56:47] [Server thread/INFO]: [SimpleClans] Registered 
GriefPreventionProvider successfully
[17:56:47] [Server thread/INFO]: [Essentials] Essentials found a 
compatible payment resolution method: Vault Compatibility Layer 
(v1.7.3-b131)!
[17:56:47] [Server thread/INFO]: [Parties] Failed to hook into 
BanManager, disabled its features
[17:56:47] [Server thread/INFO]: [Parties] Hooked into GriefPrevention
[17:56:47] [Server thread/INFO]: [Parties] Hooked into Essentials
[17:56:47] [Craft Scheduler Thread - 8 - Essentials/INFO]: [Essentials] 
Récupération des informations de version...
[17:56:47] [Server thread/INFO]: [Parties] Hooked into Vault
[17:56:47] [Craft Scheduler Thread - 9 - Vault/INFO]: [Vault] Checking 
for Updates ...
[17:56:47] [Craft Scheduler Thread - 9 - Vault/INFO]: [Vault] No new 
version available
[17:56:47] [Craft Scheduler Thread - 7 - SimpleClans/INFO]: 
[SimpleClans] You're running an outdated version (2.16.2).
[17:56:47] [Craft Scheduler Thread - 7 - SimpleClans/INFO]: 
[SimpleClans] The latest version is 2.18.1. Download it at:
[17:56:47] [Craft Scheduler Thread - 7 - SimpleClans/INFO]: 
[SimpleClans] https://www.spigotmc.org/resources/simpleclans.71242/
[17:56:47] [Server thread/INFO]: [CoreProtect] WorldEdit logging 
successfully initialized.
[17:56:47] [Server thread/INFO]: Done (36.762s)! For help, type "help"
[17:56:47] [Server thread/INFO]: Timings Reset
[17:56:48] [Server thread/INFO]: [HolographicDisplays] Fatal error while 
enabling the plugin. Check previous logs for more information.
[17:56:51] [Server thread/WARN]: 
[io.github.znetworkw.znpcservers.cache.TypeCache$BaseCache] No cache 
found for: [net.minecraft.server.level.EntityPlayer] : []
[17:56:51] [Server thread/WARN]: 
[io.github.znetworkw.znpcservers.cache.TypeCache$BaseCache] Skipping 
cache for [net.minecraft.server.level.EntityPlayer]
[17:56:54] [Server thread/INFO]: [MyCmd] Spawning NPCs...
[17:56:54] [Server thread/INFO]: [MyCmd] Respawning 6 holograms
[17:57:27] [Server thread/WARN]: Unexpected exception while parsing 
console command "bw"
org.bukkit.command.CommandException: Cannot execute command 'bw' in 
plugin BedWars v0.2.27.1 - plugin is disabled.
     at org.bukkit.command.PluginCommand.execute(PluginCommand.java:37) 
~[paper-api-1.19.3-R0.1-SNAPSHOT.jar:?]
     at 
org.bukkit.command.SimpleCommandMap.dispatch(SimpleCommandMap.java:155) 
~[paper-api-1.19.3-R0.1-SNAPSHOT.jar:?]
     at 
org.bukkit.craftbukkit.v1_19_R2.CraftServer.dispatchCommand(CraftServer.java:911) 
~[paper-1.19.3.jar:git-Paper-448]
     at 
org.bukkit.craftbukkit.v1_19_R2.CraftServer.dispatchServerCommand(CraftServer.java:874) 
~[paper-1.19.3.jar:git-Paper-448]
     at 
net.minecraft.server.dedicated.DedicatedServer.handleConsoleInputs(DedicatedServer.java:501) 
~[paper-1.19.3.jar:git-Paper-448]
     at 
net.minecraft.server.dedicated.DedicatedServer.tickChildren(DedicatedServer.java:448) 
~[paper-1.19.3.jar:git-Paper-448]
     at 
net.minecraft.server.MinecraftServer.tickServer(MinecraftServer.java:1397) 
~[paper-1.19.3.jar:git-Paper-448]
     at 
net.minecraft.server.MinecraftServer.runServer(MinecraftServer.java:1173) 
~[paper-1.19.3.jar:git-Paper-448]
     at 
net.minecraft.server.MinecraftServer.lambda$spin$0(MinecraftServer.java:316) 
~[paper-1.19.3.jar:git-Paper-448]
     at java.lang.Thread.run(Thread.java:833) ~[?:?]
[17:57:47] [Server thread/INFO]: [MyCmd Scheduler] Next execution in 1 min.
[17:58:15] [Server thread/INFO]: Stopping the server
[17:58:15] [Server thread/INFO]: Stopping server
[17:58:15] [Server thread/INFO]: [CustomBansPlus] Disabling 
CustomBansPlus v3.3.20
[17:58:15] [Server thread/INFO]: [CustomBansPlus] §e[CustomBansPlus] 
§cDisabled.
[17:58:15] [Server thread/INFO]: [OpenInv] Disabling OpenInv v4.2.2
[17:58:15] [Server thread/INFO]: [Shopkeepers] Disabling Shopkeepers v2.16.2
[17:58:15] [Server thread/INFO]: [Censorator] Disabling Censorator v1.0
[17:58:15] [Server thread/INFO]: [Censorator] [STDOUT] 
---------------------------------------------------------------------------------------------
[17:58:15] [Server thread/WARN]: Nag author(s): '[sachal2406]' of 
'Censorator' about their usage of System.out/err.print. Please use your 
plugin's logger instead (JavaPlugin#getLogger).
[17:58:15] [Server thread/INFO]: [Censorator] 
[STDOUT]                              [Censorator] Déchargé ! || Unloaded !
[17:58:15] [Server thread/INFO]: [Censorator] [STDOUT] 
---------------------------------------------------------------------------------------------
[17:58:15] [Server thread/INFO]: [CoreProtect] Disabling CoreProtect v21.3
[17:58:15] [Server thread/INFO]: [CoreProtect] Finishing up data 
logging. Please wait...
[17:58:16] [Server thread/INFO]: [CoreProtect] Success! Disabled 
CoreProtect v21.3
[17:58:16] [Server thread/INFO]: [PowerRanks] Disabling PowerRanks v1.10.5R2
[17:58:16] [Server thread/INFO]: [PowerRanks] Disabled PowerRanks v1.10.5R2
[17:58:16] [Server thread/INFO]: [SimpleSit] Disabling SimpleSit v1.7
[17:58:16] [Server thread/INFO]: [FortuneEconomy] Disabling 
FortuneEconomy v1.0.1
[17:58:16] [Server thread/INFO]: [BlockHunt] Disabling BlockHunt v0.2.1
[17:58:16] [Server thread/INFO]: [BlockHunt] BlockHunt - 0.2.1 is now 
Disabled. Made by Steffion.
[17:58:16] [Server thread/INFO]: [TabList] Disabling TabList v5.6.8
[17:58:16] [Server thread/INFO]: [KbstickForOP] Disabling KbstickForOP v1
[17:58:16] [Server thread/INFO]: [PvPManager] Disabling PvPManager v3.12
[17:58:16] [Server thread/INFO]: [PvPManager] Saving player data to 
storage...
[17:58:16] [Server thread/INFO]: [PvPManager] Closed SQLITE storage
[17:58:16] [Server thread/INFO]: [GriefPrevention] Disabling 
GriefPrevention v16.18
[17:58:16] [Server thread/INFO]: [GriefPrevention] GriefPrevention disabled.
[17:58:16] [Server thread/INFO]: [MyCommand] Disabling MyCommand v5.7.3
[17:58:17] [Server thread/INFO]: *-=-=-=-=-=-=-=-=-* MyCommand 
v.5.7.3*-=-=-=-=-=-=-=-=-=-*
[17:58:17] [Server thread/INFO]: | NPCs    : Removed 5 entities.
[17:58:17] [Server thread/INFO]: | Tasks : Stopped all tasks.
[17:58:17] [Server thread/INFO]: *-=-=-=-=-=-=-=-=-=-*    Bye! 
*-=-=-=-=-=-=-=-=-=-=-*
[17:58:17] [Server thread/INFO]: [MiniBlocks] Disabling MiniBlocks v3.2.0
[17:58:17] [Server thread/INFO]: [FPC] Disabling FPC v1.6.2
[17:58:17] [Server thread/INFO]: [Multiverse-NetherPortals] Disabling 
Multiverse-NetherPortals v4.2.2-b807
[17:58:17] [Server thread/INFO]: [Multiverse-NetherPortals] - Disabled
[17:58:17] [Server thread/INFO]: [Manhunt] Disabling Manhunt v1.2
[17:58:17] [Server thread/INFO]: [DeadChest] Disabling DeadChest v4.10.0
[17:58:17] [Server thread/INFO]: [TrollBoss] Disabling TrollBoss v6.5.2
[17:58:17] [Server thread/INFO]: [TrollBoss] Plugin disabled!
[17:58:17] [Server thread/INFO]: [ServersNPC] Disabling ServersNPC v4.0
[17:58:17] [Server thread/INFO]: [AntiCheatReloaded] Disabling 
AntiCheatReloaded v1.10.3
[17:58:17] [Server thread/INFO]: [Parties] Disabling Parties v3.2.9
[17:58:17] [Server thread/INFO]: [Parties] Disabling Parties
[17:58:17] [Server thread/INFO]: [Parties] Parties disabled
[17:58:17] [Server thread/INFO]: [LibsDisguises] Disabling LibsDisguises 
v10.0.32
[17:58:17] [Server thread/INFO]: [Essentials] Disabling Essentials v2.19.7
[17:58:17] [Server thread/INFO]: [Vault] [Economy] Essentials Economy 
unhooked.
[17:58:17] [Server thread/INFO]: [SimpleClans] Disabling SimpleClans 
v2.16.2-51f82ba
[17:58:17] [Server thread/INFO]: [Multiverse-Portals] Disabling 
Multiverse-Portals v4.2.1-b834
[17:58:17] [Server thread/INFO]: [ProtocolLib] Disabling ProtocolLib 
v5.0.0-SNAPSHOT-b616
[17:58:17] [Server thread/INFO]: [WorldGuard] Disabling WorldGuard 
v7.0.7+216b061
[17:58:17] [Server thread/INFO]: [WorldGuard] Shutting down executor and 
cancelling any pending tasks...
[17:58:17] [Server thread/INFO]: [Multiverse-Core] Disabling 
Multiverse-Core v4.3.1-b861
[17:58:17] [Server thread/INFO]: [ViaVersion] Disabling ViaVersion v4.6.2
[17:58:17] [Server thread/INFO]: [ViaVersion] ViaVersion is disabling, 
if this is a reload and you experience issues consider rebooting.
[17:58:17] [Server thread/INFO]: [WorldEdit] Disabling WorldEdit 
v7.2.13+46576cc
[17:58:17] [Server thread/INFO]: Unregistering 
com.sk89q.worldedit.bukkit.BukkitServerInterface from WorldEdit
[17:58:17] [Server thread/INFO]: [Vault] Disabling Vault v1.7.3-b131
[17:58:17] [Server thread/INFO]: Saving players
[17:58:17] [Server thread/INFO]: Saving worlds
[17:58:17] [Server thread/INFO]: Saving chunks for level 
'ServerLevel[world]'/minecraft:overworld
[17:58:17] [Server thread/INFO]: [ChunkHolderManager] Waiting 60s for 
chunk system to halt for world 'world'
[17:58:17] [Server thread/INFO]: [ChunkHolderManager] Halted chunk 
system for world 'world'
[17:58:17] [Server thread/INFO]: [ChunkHolderManager] Saving all 
chunkholders for world 'world'
[17:58:18] [Server thread/INFO]: [ChunkHolderManager] Saved 529 block 
chunks, 529 entity chunks, 0 poi chunks in world 'world' in 0,95s
[17:58:18] [Server thread/INFO]: ThreadedAnvilChunkStorage (world): All 
chunks are saved
[17:58:18] [Server thread/INFO]: Saving chunks for level 
'ServerLevel[bedwars2]'/minecraft:bedwars2
[17:58:18] [Server thread/INFO]: [ChunkHolderManager] Waiting 60s for 
chunk system to halt for world 'bedwars2'
[17:58:18] [Server thread/INFO]: [ChunkHolderManager] Halted chunk 
system for world 'bedwars2'
[17:58:18] [Server thread/INFO]: [ChunkHolderManager] Saving all 
chunkholders for world 'bedwars2'
[17:58:18] [Server thread/INFO]: [ChunkHolderManager] Saved 544 block 
chunks, 544 entity chunks, 0 poi chunks in world 'bedwars2' in 0,33s
[17:58:18] [Server thread/INFO]: ThreadedAnvilChunkStorage (bedwars2): 
All chunks are saved
[17:58:18] [Server thread/INFO]: Saving chunks for level 
'ServerLevel[dropper]'/minecraft:dropper
[17:58:18] [Server thread/INFO]: [ChunkHolderManager] Waiting 60s for 
chunk system to halt for world 'dropper'
[17:58:18] [Server thread/INFO]: [ChunkHolderManager] Halted chunk 
system for world 'dropper'
[17:58:18] [Server thread/INFO]: [ChunkHolderManager] Saving all 
chunkholders for world 'dropper'
[17:58:18] [Server thread/INFO]: [ChunkHolderManager] Saved 559 block 
chunks, 559 entity chunks, 0 poi chunks in world 'dropper' in 0,33s
[17:58:18] [Server thread/INFO]: ThreadedAnvilChunkStorage (dropper): 
All chunks are saved
[17:58:18] [Server thread/INFO]: Saving chunks for level 
'ServerLevel[arene]'/minecraft:arene
[17:58:18] [Server thread/INFO]: [ChunkHolderManager] Waiting 60s for 
chunk system to halt for world 'arene'
[17:58:18] [Server thread/INFO]: [ChunkHolderManager] Halted chunk 
system for world 'arene'
[17:58:18] [Server thread/INFO]: [ChunkHolderManager] Saving all 
chunkholders for world 'arene'
[17:58:19] [Server thread/INFO]: [ChunkHolderManager] Saved 529 block 
chunks, 529 entity chunks, 0 poi chunks in world 'arene' in 0,18s
[17:58:19] [Server thread/INFO]: ThreadedAnvilChunkStorage (arene): All 
chunks are saved
[17:58:19] [Server thread/INFO]: Saving chunks for level 
'ServerLevel[chateau]'/minecraft:chateau
[17:58:19] [Server thread/INFO]: [ChunkHolderManager] Waiting 60s for 
chunk system to halt for world 'chateau'
[17:58:19] [Server thread/INFO]: [ChunkHolderManager] Halted chunk 
system for world 'chateau'
[17:58:19] [Server thread/INFO]: [ChunkHolderManager] Saving all 
chunkholders for world 'chateau'
[17:58:19] [Server thread/INFO]: [ChunkHolderManager] Saved 529 block 
chunks, 529 entity chunks, 0 poi chunks in world 'chateau' in 0,60s
[17:58:19] [Server thread/INFO]: ThreadedAnvilChunkStorage (chateau): 
All chunks are saved
[17:58:19] [Server thread/INFO]: Saving chunks for level 
'ServerLevel[world_nether]'/minecraft:the_nether
[17:58:19] [Server thread/INFO]: [ChunkHolderManager] Waiting 60s for 
chunk system to halt for world 'world_nether'
[17:58:19] [Server thread/INFO]: [ChunkHolderManager] Halted chunk 
system for world 'world_nether'
[17:58:19] [Server thread/INFO]: [ChunkHolderManager] Saving all 
chunkholders for world 'world_nether'
[17:58:20] [Server thread/INFO]: [ChunkHolderManager] Saved 529 block 
chunks, 529 entity chunks, 0 poi chunks in world 'world_nether' in 0,44s
[17:58:20] [Server thread/INFO]: ThreadedAnvilChunkStorage (DIM-1): All 
chunks are saved
[17:58:20] [Server thread/INFO]: Saving chunks for level 
'ServerLevel[World_1/world]'/minecraft:world_1/world
[17:58:20] [Server thread/INFO]: [ChunkHolderManager] Waiting 60s for 
chunk system to halt for world 'World_1/world'
[17:58:20] [Server thread/INFO]: [ChunkHolderManager] Halted chunk 
system for world 'World_1/world'
[17:58:20] [Server thread/INFO]: [ChunkHolderManager] Saving all 
chunkholders for world 'World_1/world'
[17:58:20] [Server thread/INFO]: [ChunkHolderManager] Saved 529 block 
chunks, 529 entity chunks, 0 poi chunks in world 'World_1/world' in 0,77s
[17:58:20] [Server thread/INFO]: ThreadedAnvilChunkStorage (world): All 
chunks are saved
[17:58:20] [Server thread/INFO]: Saving chunks for level 
'ServerLevel[smp/world]'/minecraft:smp/world
[17:58:20] [Server thread/INFO]: [ChunkHolderManager] Waiting 60s for 
chunk system to halt for world 'smp/world'
[17:58:20] [Server thread/INFO]: [ChunkHolderManager] Halted chunk 
system for world 'smp/world'
[17:58:20] [Server thread/INFO]: [ChunkHolderManager] Saving all 
chunkholders for world 'smp/world'
[17:58:21] [Server thread/INFO]: [ChunkHolderManager] Saved 529 block 
chunks, 529 entity chunks, 0 poi chunks in world 'smp/world' in 0,65s
[17:58:21] [Server thread/INFO]: ThreadedAnvilChunkStorage (world): All 
chunks are saved
[17:58:21] [Server thread/INFO]: Saving chunks for level 
'ServerLevel[survival-e]'/minecraft:survival-e
[17:58:21] [Server thread/INFO]: [ChunkHolderManager] Waiting 60s for 
chunk system to halt for world 'survival-e'
[17:58:21] [Server thread/INFO]: [ChunkHolderManager] Halted chunk 
system for world 'survival-e'
[17:58:21] [Server thread/INFO]: [ChunkHolderManager] Saving all 
chunkholders for world 'survival-e'
[17:58:21] [Server thread/INFO]: [ChunkHolderManager] Saved 529 block 
chunks, 529 entity chunks, 0 poi chunks in world 'survival-e' in 0,11s
[17:58:21] [Server thread/INFO]: ThreadedAnvilChunkStorage (DIM1): All 
chunks are saved
[17:58:21] [Server thread/INFO]: Saving chunks for level 
'ServerLevel[minage]'/minecraft:minage
[17:58:21] [Server thread/INFO]: [ChunkHolderManager] Waiting 60s for 
chunk system to halt for world 'minage'
[17:58:21] [Server thread/INFO]: [ChunkHolderManager] Halted chunk 
system for world 'minage'
[17:58:21] [Server thread/INFO]: [ChunkHolderManager] Saving all 
chunkholders for world 'minage'
[17:58:22] [Server thread/INFO]: [ChunkHolderManager] Saved 579 block 
chunks, 579 entity chunks, 0 poi chunks in world 'minage' in 0,83s
[17:58:22] [Server thread/INFO]: ThreadedAnvilChunkStorage (minage): All 
chunks are saved
[17:58:22] [Server thread/INFO]: Saving chunks for level 
'ServerLevel[survival-n]'/minecraft:survival-n
[17:58:22] [Server thread/INFO]: [ChunkHolderManager] Waiting 60s for 
chunk system to halt for world 'survival-n'
[17:58:22] [Server thread/INFO]: [ChunkHolderManager] Halted chunk 
system for world 'survival-n'
[17:58:22] [Server thread/INFO]: [ChunkHolderManager] Saving all 
chunkholders for world 'survival-n'
[17:58:23] [Server thread/INFO]: [ChunkHolderManager] Saved 529 block 
chunks, 529 entity chunks, 0 poi chunks in world 'survival-n' in 0,54s
[17:58:23] [Server thread/INFO]: ThreadedAnvilChunkStorage (DIM-1): All 
chunks are saved
[17:58:23] [Server thread/INFO]: Saving chunks for level 
'ServerLevel[s_w_p]'/minecraft:s_w_p
[17:58:23] [Server thread/INFO]: [ChunkHolderManager] Waiting 60s for 
chunk system to halt for world 's_w_p'
[17:58:23] [Server thread/INFO]: [ChunkHolderManager] Halted chunk 
system for world 's_w_p'
[17:58:23] [Server thread/INFO]: [ChunkHolderManager] Saving all 
chunkholders for world 's_w_p'
[17:58:23] [Server thread/INFO]: [ChunkHolderManager] Saved 529 block 
chunks, 529 entity chunks, 0 poi chunks in world 's_w_p' in 0,15s
[17:58:23] [Server thread/INFO]: ThreadedAnvilChunkStorage (s_w_p): All 
chunks are saved
[17:58:23] [Server thread/INFO]: Saving chunks for level 
'ServerLevel[prison]'/minecraft:prison
[17:58:23] [Server thread/INFO]: [ChunkHolderManager] Waiting 60s for 
chunk system to halt for world 'prison'
[17:58:23] [Server thread/INFO]: [ChunkHolderManager] Halted chunk 
system for world 'prison'
[17:58:23] [Server thread/INFO]: [ChunkHolderManager] Saving all 
chunkholders for world 'prison'
[17:58:23] [Server thread/INFO]: [ChunkHolderManager] Saved 529 block 
chunks, 529 entity chunks, 0 poi chunks in world 'prison' in 0,15s
[17:58:23] [Server thread/INFO]: ThreadedAnvilChunkStorage (prison): All 
chunks are saved
[17:58:23] [Server thread/INFO]: Saving chunks for level 
'ServerLevel[mj]'/minecraft:mj
[17:58:23] [Server thread/INFO]: [ChunkHolderManager] Waiting 60s for 
chunk system to halt for world 'mj'
[17:58:23] [Server thread/INFO]: [ChunkHolderManager] Halted chunk 
system for world 'mj'
[17:58:23] [Server thread/INFO]: [ChunkHolderManager] Saving all 
chunkholders for world 'mj'
[17:58:23] [Server thread/INFO]: [ChunkHolderManager] Saved 529 block 
chunks, 529 entity chunks, 0 poi chunks in world 'mj' in 0,13s
[17:58:23] [Server thread/INFO]: ThreadedAnvilChunkStorage (mj): All 
chunks are saved
[17:58:23] [Server thread/INFO]: Saving chunks for level 
'ServerLevel[jump]'/minecraft:jump
[17:58:23] [Server thread/INFO]: [ChunkHolderManager] Waiting 60s for 
chunk system to halt for world 'jump'
[17:58:23] [Server thread/INFO]: [ChunkHolderManager] Halted chunk 
system for world 'jump'
[17:58:23] [Server thread/INFO]: [ChunkHolderManager] Saving all 
chunkholders for world 'jump'
[17:58:23] [Server thread/INFO]: [ChunkHolderManager] Saved 529 block 
chunks, 529 entity chunks, 0 poi chunks in world 'jump' in 0,14s
[17:58:23] [Server thread/INFO]: ThreadedAnvilChunkStorage (jump): All 
chunks are saved
[17:58:23] [Server thread/INFO]: Saving chunks for level 
'ServerLevel[iles]'/minecraft:iles
[17:58:23] [Server thread/INFO]: [ChunkHolderManager] Waiting 60s for 
chunk system to halt for world 'iles'
[17:58:23] [Server thread/INFO]: [ChunkHolderManager] Halted chunk 
system for world 'iles'
[17:58:23] [Server thread/INFO]: [ChunkHolderManager] Saving all 
chunkholders for world 'iles'
[17:58:23] [Server thread/INFO]: [ChunkHolderManager] Saved 529 block 
chunks, 529 entity chunks, 0 poi chunks in world 'iles' in 0,11s
[17:58:23] [Server thread/INFO]: ThreadedAnvilChunkStorage (iles): All 
chunks are saved
[17:58:23] [Server thread/INFO]: Saving chunks for level 
'ServerLevel[gvp]'/minecraft:gvp
[17:58:23] [Server thread/INFO]: [ChunkHolderManager] Waiting 60s for 
chunk system to halt for world 'gvp'
[17:58:23] [Server thread/INFO]: [ChunkHolderManager] Halted chunk 
system for world 'gvp'
[17:58:23] [Server thread/INFO]: [ChunkHolderManager] Saving all 
chunkholders for world 'gvp'
[17:58:24] [Server thread/INFO]: [ChunkHolderManager] Saved 529 block 
chunks, 529 entity chunks, 0 poi chunks in world 'gvp' in 0,14s
[17:58:24] [Server thread/INFO]: ThreadedAnvilChunkStorage (gvp): All 
chunks are saved
[17:58:24] [Server thread/INFO]: Saving chunks for level 
'ServerLevel[survie]'/minecraft:survie
[17:58:24] [Server thread/INFO]: [ChunkHolderManager] Waiting 60s for 
chunk system to halt for world 'survie'
[17:58:24] [Server thread/INFO]: [ChunkHolderManager] Halted chunk 
system for world 'survie'
[17:58:24] [Server thread/INFO]: [ChunkHolderManager] Saving all 
chunkholders for world 'survie'
[17:58:24] [Server thread/INFO]: [ChunkHolderManager] Saved 529 block 
chunks, 529 entity chunks, 0 poi chunks in world 'survie' in 0,69s
[17:58:24] [Server thread/INFO]: ThreadedAnvilChunkStorage (survie): All 
chunks are saved
[17:58:24] [Server thread/INFO]: Saving chunks for level 
'ServerLevel[ville]'/minecraft:ville
[17:58:24] [Server thread/INFO]: [ChunkHolderManager] Waiting 60s for 
chunk system to halt for world 'ville'
[17:58:24] [Server thread/INFO]: [ChunkHolderManager] Halted chunk 
system for world 'ville'
[17:58:24] [Server thread/INFO]: [ChunkHolderManager] Saving all 
chunkholders for world 'ville'
[17:58:25] [Server thread/INFO]: [ChunkHolderManager] Saved 529 block 
chunks, 529 entity chunks, 0 poi chunks in world 'ville' in 0,61s
[17:58:25] [Server thread/INFO]: ThreadedAnvilChunkStorage (ville): All 
chunks are saved
[17:58:25] [Server thread/INFO]: Saving chunks for level 
'ServerLevel[center]'/minecraft:center
[17:58:25] [Server thread/INFO]: [ChunkHolderManager] Waiting 60s for 
chunk system to halt for world 'center'
[17:58:25] [Server thread/INFO]: [ChunkHolderManager] Halted chunk 
system for world 'center'
[17:58:25] [Server thread/INFO]: [ChunkHolderManager] Saving all 
chunkholders for world 'center'
[17:58:25] [Server thread/INFO]: [ChunkHolderManager] Saved 529 block 
chunks, 529 entity chunks, 0 poi chunks in world 'center' in 0,14s
[17:58:25] [Server thread/INFO]: ThreadedAnvilChunkStorage (center): All 
chunks are saved
[17:58:25] [Server thread/INFO]: Saving chunks for level 
'ServerLevel[private_wold]'/minecraft:private_wold
[17:58:25] [Server thread/INFO]: [ChunkHolderManager] Waiting 60s for 
chunk system to halt for world 'private_wold'
[17:58:25] [Server thread/INFO]: [ChunkHolderManager] Halted chunk 
system for world 'private_wold'
[17:58:25] [Server thread/INFO]: [ChunkHolderManager] Saving all 
chunkholders for world 'private_wold'
[17:58:25] [Server thread/INFO]: [ChunkHolderManager] Saved 529 block 
chunks, 529 entity chunks, 0 poi chunks in world 'private_wold' in 0,14s
[17:58:25] [Server thread/INFO]: ThreadedAnvilChunkStorage 
(private_wold): All chunks are saved
[17:58:25] [Server thread/INFO]: Saving chunks for level 
'ServerLevel[survival]'/minecraft:survival
[17:58:25] [Server thread/INFO]: [ChunkHolderManager] Waiting 60s for 
chunk system to halt for world 'survival'
[17:58:25] [Server thread/INFO]: [ChunkHolderManager] Halted chunk 
system for world 'survival'
[17:58:25] [Server thread/INFO]: [ChunkHolderManager] Saving all 
chunkholders for world 'survival'
[17:58:26] [Server thread/INFO]: [ChunkHolderManager] Saved 554 block 
chunks, 554 entity chunks, 0 poi chunks in world 'survival' in 0,63s
[17:58:26] [Server thread/INFO]: ThreadedAnvilChunkStorage (survival): 
All chunks are saved
[17:58:26] [Server thread/INFO]: Saving chunks for level 
'ServerLevel[jail]'/minecraft:jail
[17:58:26] [Server thread/INFO]: [ChunkHolderManager] Waiting 60s for 
chunk system to halt for world 'jail'
[17:58:26] [Server thread/INFO]: [ChunkHolderManager] Halted chunk 
system for world 'jail'
[17:58:26] [Server thread/INFO]: [ChunkHolderManager] Saving all 
chunkholders for world 'jail'
[17:58:26] [Server thread/INFO]: [ChunkHolderManager] Saved 529 block 
chunks, 529 entity chunks, 1 poi chunks in world 'jail' in 0,14s
[17:58:26] [Server thread/INFO]: ThreadedAnvilChunkStorage (jail): All 
chunks are saved
[17:58:26] [Server thread/INFO]: Saving chunks for level 
'ServerLevel[world_the_end]'/minecraft:the_end
[17:58:26] [Server thread/INFO]: [ChunkHolderManager] Waiting 60s for 
chunk system to halt for world 'world_the_end'
[17:58:26] [Server thread/INFO]: [ChunkHolderManager] Halted chunk 
system for world 'world_the_end'
[17:58:26] [Server thread/INFO]: [ChunkHolderManager] Saving all 
chunkholders for world 'world_the_end'
[17:58:26] [Server thread/INFO]: [ChunkHolderManager] Saved 529 block 
chunks, 529 entity chunks, 0 poi chunks in world 'world_the_end' in 0,09s
[17:58:26] [Server thread/INFO]: ThreadedAnvilChunkStorage (DIM1): All 
chunks are saved
[17:58:26] [Server thread/INFO]: Saving chunks for level 
'ServerLevel[spr]'/minecraft:spr
[17:58:26] [Server thread/INFO]: [ChunkHolderManager] Waiting 60s for 
chunk system to halt for world 'spr'
[17:58:26] [Server thread/INFO]: [ChunkHolderManager] Halted chunk 
system for world 'spr'
[17:58:26] [Server thread/INFO]: [ChunkHolderManager] Saving all 
chunkholders for world 'spr'
[17:58:27] [Server thread/INFO]: [ChunkHolderManager] Saved 554 block 
chunks, 554 entity chunks, 0 poi chunks in world 'spr' in 0,62s
[17:58:27] [Server thread/INFO]: ThreadedAnvilChunkStorage (spr): All 
chunks are saved
[17:58:27] [Server thread/INFO]: ThreadedAnvilChunkStorage: All 
dimensions are saved
[17:58:27] [Server thread/INFO]: Flushing Chunk IO
[17:58:27] [Server thread/INFO]: Closing Thread Pool
[17:58:27] [Server thread/INFO]: Closing Server
